<?xml version="1.0" encoding="UTF-8"?>
<!-- Generated by org.testng.reporters.JUnitXMLReporter -->
<testsuite hostname="DARSHUPIE" ignored="0" name="Test" tests="2" failures="0" timestamp="2022-06-13T15:04:51 EDT" time="2.595" errors="0">
  <testcase name="@BeforeMethod SetUp" time="0.083" classname="testcases.BaseClass">
    <failure type="java.lang.IllegalStateException" message="The driver executable does not exist: C:\Users\renukap08\eclipse-workspace\Selenium-Maven\chromedriver">
      <![CDATA[java.lang.IllegalStateException: The driver executable does not exist: C:\Users\renukap08\eclipse-workspace\Selenium-Maven\chromedriver
at com.google.common.base.Preconditions.checkState(Preconditions.java:585)
at org.openqa.selenium.remote.service.DriverService.checkExecutable(DriverService.java:146)
at org.openqa.selenium.remote.service.DriverService.findExecutable(DriverService.java:141)
at org.openqa.selenium.chrome.ChromeDriverService.access$000(ChromeDriverService.java:35)
at org.openqa.selenium.chrome.ChromeDriverService$Builder.findDefaultExecutable(ChromeDriverService.java:159)
at org.openqa.selenium.remote.service.DriverService$Builder.build(DriverService.java:355)
at org.openqa.selenium.chrome.ChromeDriverService.createDefaultService(ChromeDriverService.java:94)
at org.openqa.selenium.chrome.ChromeDriver.<init>(ChromeDriver.java:123)
at testcases.BaseClass.SetUp(BaseClass.java:56)
at java.util.ArrayList.forEach(ArrayList.java:1257)
... Removed 35 stack frames]]>
    </failure>
  </testcase> <!-- @BeforeMethod SetUp -->
  <testcase name="@AfterMethod TearDown" time="0.0" classname="testcases.BaseClass">
    <skipped/>
  </testcase> <!-- @AfterMethod TearDown -->
  <testcase name="@BeforeMethod SetUp" time="0.0" classname="testcases.BaseClass">
    <skipped/>
  </testcase> <!-- @BeforeMethod SetUp -->
  <testcase name="@AfterMethod TearDown" time="0.0" classname="testcases.BaseClass">
    <skipped/>
  </testcase> <!-- @AfterMethod TearDown -->
  <testcase name="LoginFailureTest" time="0.001" classname="testcases.LoginTest">
    <skipped/>
  </testcase> <!-- LoginFailureTest -->
  <testcase name="LoginSuccessTest" time="0.0" classname="testcases.LoginTest">
    <skipped/>
  </testcase> <!-- LoginSuccessTest -->
</testsuite> <!-- Test -->
